17332 info uninstall socket.io@0.9.16
17333 verbose false,/home/nnc/nnCloud/webapp/node_modules,/home/nnc/nnCloud/webapp/node_modules/karma/node_modules unbuild socket.io@0.9.16
17334 info postuninstall socket.io@0.9.16
17335 verbose about to build /home/nnc/nnCloud/webapp/node_modules/karma
17336 info /home/nnc/nnCloud/webapp/node_modules/karma unbuild
17337 info preuninstall karma@0.12.37
17338 info uninstall karma@0.12.37
17339 verbose true,/home/nnc/nnCloud/webapp/node_modules,/home/nnc/nnCloud/webapp/node_modules unbuild karma@0.12.37
17340 verbose /home/nnc/nnCloud/webapp/node_modules/.bin,[object Object] binRoot
17341 info postuninstall karma@0.12.37
17342 error Error: ENOENT, chmod '/home/nnc/nnCloud/webapp/node_modules/karma/node_modules/lodash/internal/initCloneArray.js'
17343 error If you need help, you may report this log at:
17343 error     <http://github.com/isaacs/npm/issues>
17343 error or email it to:
17343 error     <npm-@googlegroups.com>
17344 error System Linux 3.10.0-123.8.1.el7.x86_64
17345 error command "node" "/usr/bin/npm" "install"
17346 error cwd /home/nnc/nnCloud/webapp
17347 error node -v v0.10.36
17348 error npm -v 1.3.6
17349 error path /home/nnc/nnCloud/webapp/node_modules/karma/node_modules/lodash/internal/initCloneArray.js
17350 error fstream_path /home/nnc/nnCloud/webapp/node_modules/karma/node_modules/lodash/internal/initCloneArray.js
17351 error fstream_type File
17352 error fstream_class FileWriter
17353 error fstream_finish_call chmod
17354 error code ENOENT
17355 error errno 34
17356 error fstream_stack /usr/lib/node_modules/fstream/lib/writer.js:305:19
17356 error fstream_stack Object.oncomplete (fs.js:108:15)
17357 verbose exit [ 34, true ]
